<?xml version="1.0" encoding="UTF-8"?>
<!-- Generated by org.testng.reporters.JUnitReportReporter -->
<testsuite skipped="0" hostname="EPAMYERW004D" name="gui.GuiTestCase" tests="1" failures="0" timestamp="2022-09-29T23:53:44 AMT" time="13.890" errors="0">
  <testcase name="useCaseTest" time="13.890" classname="gui.GuiTestCase"/>
  <system-out/>
</testsuite> <!-- gui.GuiTestCase -->
